# JRE version: Java(TM) SE Runtime Environment (8.0_91-b14) (build 1.8.0_91-b14)
# Java VM: Java HotSpot(TM) 64-Bit Server VM (25.91-b14 mixed mode windows-amd64 compressed oops)
Heap:
 PSYoungGen      total 76288K, used 5152K [0x000000076b380000, 0x0000000770880000, 0x00000007c0000000)
  eden space 65536K, 7% used [0x000000076b380000,0x000000076b8882c0,0x000000076f380000)
  from space 10752K, 0% used [0x000000076fe00000,0x000000076fe00000,0x0000000770880000)
  to   space 10752K, 0% used [0x000000076f380000,0x000000076f380000,0x000000076fe00000)
 ParOldGen       total 76288K, used 10220K [0x00000006c1a00000, 0x00000006c6480000, 0x000000076b380000)
  object space 76288K, 13% used [0x00000006c1a00000,0x00000006c23fb0d8,0x00000006c6480000)
 Metaspace       used 21314K, capacity 21580K, committed 21808K, reserved 1069056K
  class space    used 3038K, capacity 3114K, committed 3120K, reserved 1048576K
GC Heap History (6 events):
Event: 56.350 GC heap before
{Heap before GC invocations=1 (full 0):
 PSYoungGen      total 76288K, used 65536K [0x000000076b380000, 0x0000000770880000, 0x00000007c0000000)
  eden space 65536K, 100% used [0x000000076b380000,0x000000076f380000,0x000000076f380000)
  from space 10752K, 0% used [0x000000076fe00000,0x000000076fe00000,0x0000000770880000)
  to   space 10752K, 0% used [0x000000076f380000,0x000000076f380000,0x000000076fe00000)
 ParOldGen       total 175104K, used 0K [0x00000006c1a00000, 0x00000006cc500000, 0x000000076b380000)
  object space 175104K, 0% used [0x00000006c1a00000,0x00000006c1a00000,0x00000006cc500000)
 Metaspace       used 13201K, capacity 13428K, committed 13568K, reserved 1060864K
  class space    used 1702K, capacity 1772K, committed 1792K, reserved 1048576K
Event: 56.356 GC heap after
Heap after GC invocations=1 (full 0):
 PSYoungGen      total 76288K, used 6542K [0x000000076b380000, 0x0000000770880000, 0x00000007c0000000)
  eden space 65536K, 0% used [0x000000076b380000,0x000000076b380000,0x000000076f380000)
  from space 10752K, 60% used [0x000000076f380000,0x000000076f9e3908,0x000000076fe00000)
  to   space 10752K, 0% used [0x000000076fe00000,0x000000076fe00000,0x0000000770880000)
 ParOldGen       total 175104K, used 88K [0x00000006c1a00000, 0x00000006cc500000, 0x000000076b380000)
  object space 175104K, 0% used [0x00000006c1a00000,0x00000006c1a16010,0x00000006cc500000)
 Metaspace       used 13201K, capacity 13428K, committed 13568K, reserved 1060864K
  class space    used 1702K, capacity 1772K, committed 1792K, reserved 1048576K
}
Event: 57.255 GC heap before
{Heap before GC invocations=2 (full 0):
 PSYoungGen      total 76288K, used 59806K [0x000000076b380000, 0x0000000770880000, 0x00000007c0000000)
  eden space 65536K, 81% used [0x000000076b380000,0x000000076e783fd0,0x000000076f380000)
  from space 10752K, 60% used [0x000000076f380000,0x000000076f9e3908,0x000000076fe00000)
  to   space 10752K, 0% used [0x000000076fe00000,0x000000076fe00000,0x0000000770880000)
 ParOldGen       total 175104K, used 88K [0x00000006c1a00000, 0x00000006cc500000, 0x000000076b380000)
  object space 175104K, 0% used [0x00000006c1a00000,0x00000006c1a16010,0x00000006cc500000)
 Metaspace       used 21009K, capacity 21228K, committed 21296K, reserved 1067008K
  class space    used 2997K, capacity 3082K, committed 3120K, reserved 1048576K
Event: 57.262 GC heap after
Heap after GC invocations=2 (full 0):
 PSYoungGen      total 76288K, used 10468K [0x000000076b380000, 0x0000000770880000, 0x00000007c0000000)
  eden space 65536K, 0% used [0x000000076b380000,0x000000076b380000,0x000000076f380000)
  from space 10752K, 97% used [0x000000076fe00000,0x0000000770839178,0x0000000770880000)
  to   space 10752K, 0% used [0x000000076f380000,0x000000076f380000,0x000000076fe00000)
 ParOldGen       total 175104K, used 104K [0x00000006c1a00000, 0x00000006cc500000, 0x000000076b380000)
  object space 175104K, 0% used [0x00000006c1a00000,0x00000006c1a1a010,0x00000006cc500000)
 Metaspace       used 21009K, capacity 21228K, committed 21296K, reserved 1067008K
  class space    used 2997K, capacity 3082K, committed 3120K, reserved 1048576K
}
Event: 57.262 GC heap before
{Heap before GC invocations=3 (full 1):
 PSYoungGen      total 76288K, used 10468K [0x000000076b380000, 0x0000000770880000, 0x00000007c0000000)
  eden space 65536K, 0% used [0x000000076b380000,0x000000076b380000,0x000000076f380000)
  from space 10752K, 97% used [0x000000076fe00000,0x0000000770839178,0x0000000770880000)
  to   space 10752K, 0% used [0x000000076f380000,0x000000076f380000,0x000000076fe00000)
 ParOldGen       total 175104K, used 104K [0x00000006c1a00000, 0x00000006cc500000, 0x000000076b380000)
  object space 175104K, 0% used [0x00000006c1a00000,0x00000006c1a1a010,0x00000006cc500000)
 Metaspace       used 21009K, capacity 21228K, committed 21296K, reserved 1067008K
  class space    used 2997K, capacity 3082K, committed 3120K, reserved 1048576K
Event: 57.291 GC heap after
Heap after GC invocations=3 (full 1):
 PSYoungGen      total 76288K, used 0K [0x000000076b380000, 0x0000000770880000, 0x00000007c0000000)
  eden space 65536K, 0% used [0x000000076b380000,0x000000076b380000,0x000000076f380000)
  from space 10752K, 0% used [0x000000076fe00000,0x000000076fe00000,0x0000000770880000)
  to   space 10752K, 0% used [0x000000076f380000,0x000000076f380000,0x000000076fe00000)
 ParOldGen       total 76288K, used 10220K [0x00000006c1a00000, 0x00000006c6480000, 0x000000076b380000)
  object space 76288K, 13% used [0x00000006c1a00000,0x00000006c23fb0d8,0x00000006c6480000)
 Metaspace       used 21009K, capacity 21228K, committed 21296K, reserved 1067008K
  class space    used 2997K, capacity 3082K, committed 3120K, reserved 1048576K
}

