# JRE version: Java(TM) SE Runtime Environment (8.0_91-b14) (build 1.8.0_91-b14)
# Java VM: Java HotSpot(TM) 64-Bit Server VM (25.91-b14 mixed mode windows-amd64 compressed oops)
Heap:
 PSYoungGen      total 76288K, used 14972K [0x000000076b380000, 0x0000000771700000, 0x00000007c0000000)
  eden space 65536K, 6% used [0x000000076b380000,0x000000076b7a6bb0,0x000000076f380000)
  from space 10752K, 99% used [0x000000076f380000,0x000000076fdf8718,0x000000076fe00000)
  to   space 10752K, 0% used [0x0000000770c80000,0x0000000770c80000,0x0000000771700000)
 ParOldGen       total 123392K, used 10877K [0x00000006c1a00000, 0x00000006c9280000, 0x000000076b380000)
  object space 123392K, 8% used [0x00000006c1a00000,0x00000006c249f5b0,0x00000006c9280000)
 Metaspace       used 32949K, capacity 33332K, committed 33792K, reserved 1079296K
  class space    used 4435K, capacity 4540K, committed 4608K, reserved 1048576K
GC Heap History (8 events):
Event: 0.778 GC heap before
{Heap before GC invocations=1 (full 0):
 PSYoungGen      total 76288K, used 65536K [0x000000076b380000, 0x0000000770880000, 0x00000007c0000000)
  eden space 65536K, 100% used [0x000000076b380000,0x000000076f380000,0x000000076f380000)
  from space 10752K, 0% used [0x000000076fe00000,0x000000076fe00000,0x0000000770880000)
  to   space 10752K, 0% used [0x000000076f380000,0x000000076f380000,0x000000076fe00000)
 ParOldGen       total 175104K, used 0K [0x00000006c1a00000, 0x00000006cc500000, 0x000000076b380000)
  object space 175104K, 0% used [0x00000006c1a00000,0x00000006c1a00000,0x00000006cc500000)
 Metaspace       used 12724K, capacity 12918K, committed 13312K, reserved 1060864K
  class space    used 1635K, capacity 1709K, committed 1792K, reserved 1048576K
Event: 0.783 GC heap after
Heap after GC invocations=1 (full 0):
 PSYoungGen      total 76288K, used 6372K [0x000000076b380000, 0x0000000770880000, 0x00000007c0000000)
  eden space 65536K, 0% used [0x000000076b380000,0x000000076b380000,0x000000076f380000)
  from space 10752K, 59% used [0x000000076f380000,0x000000076f9b9018,0x000000076fe00000)
  to   space 10752K, 0% used [0x000000076fe00000,0x000000076fe00000,0x0000000770880000)
 ParOldGen       total 175104K, used 88K [0x00000006c1a00000, 0x00000006cc500000, 0x000000076b380000)
  object space 175104K, 0% used [0x00000006c1a00000,0x00000006c1a16010,0x00000006cc500000)
 Metaspace       used 12724K, capacity 12918K, committed 13312K, reserved 1060864K
  class space    used 1635K, capacity 1709K, committed 1792K, reserved 1048576K
}
Event: 1.693 GC heap before
{Heap before GC invocations=2 (full 0):
 PSYoungGen      total 76288K, used 59709K [0x000000076b380000, 0x0000000770880000, 0x00000007c0000000)
  eden space 65536K, 81% used [0x000000076b380000,0x000000076e796748,0x000000076f380000)
  from space 10752K, 59% used [0x000000076f380000,0x000000076f9b9018,0x000000076fe00000)
  to   space 10752K, 0% used [0x000000076fe00000,0x000000076fe00000,0x0000000770880000)
 ParOldGen       total 175104K, used 88K [0x00000006c1a00000, 0x00000006cc500000, 0x000000076b380000)
  object space 175104K, 0% used [0x00000006c1a00000,0x00000006c1a16010,0x00000006cc500000)
 Metaspace       used 20893K, capacity 21128K, committed 21248K, reserved 1067008K
  class space    used 2964K, capacity 3050K, committed 3072K, reserved 1048576K
Event: 1.700 GC heap after
Heap after GC invocations=2 (full 0):
 PSYoungGen      total 76288K, used 10586K [0x000000076b380000, 0x0000000770880000, 0x00000007c0000000)
  eden space 65536K, 0% used [0x000000076b380000,0x000000076b380000,0x000000076f380000)
  from space 10752K, 98% used [0x000000076fe00000,0x0000000770856b08,0x0000000770880000)
  to   space 10752K, 0% used [0x000000076f380000,0x000000076f380000,0x000000076fe00000)
 ParOldGen       total 175104K, used 104K [0x00000006c1a00000, 0x00000006cc500000, 0x000000076b380000)
  object space 175104K, 0% used [0x00000006c1a00000,0x00000006c1a1a010,0x00000006cc500000)
 Metaspace       used 20893K, capacity 21128K, committed 21248K, reserved 1067008K
  class space    used 2964K, capacity 3050K, committed 3072K, reserved 1048576K
}
Event: 1.700 GC heap before
{Heap before GC invocations=3 (full 1):
 PSYoungGen      total 76288K, used 10586K [0x000000076b380000, 0x0000000770880000, 0x00000007c0000000)
  eden space 65536K, 0% used [0x000000076b380000,0x000000076b380000,0x000000076f380000)
  from space 10752K, 98% used [0x000000076fe00000,0x0000000770856b08,0x0000000770880000)
  to   space 10752K, 0% used [0x000000076f380000,0x000000076f380000,0x000000076fe00000)
 ParOldGen       total 175104K, used 104K [0x00000006c1a00000, 0x00000006cc500000, 0x000000076b380000)
  object space 175104K, 0% used [0x00000006c1a00000,0x00000006c1a1a010,0x00000006cc500000)
 Metaspace       used 20893K, capacity 21128K, committed 21248K, reserved 1067008K
  class space    used 2964K, capacity 3050K, committed 3072K, reserved 1048576K
Event: 1.727 GC heap after
Heap after GC invocations=3 (full 1):
 PSYoungGen      total 76288K, used 0K [0x000000076b380000, 0x0000000770880000, 0x00000007c0000000)
  eden space 65536K, 0% used [0x000000076b380000,0x000000076b380000,0x000000076f380000)
  from space 10752K, 0% used [0x000000076fe00000,0x000000076fe00000,0x0000000770880000)
  to   space 10752K, 0% used [0x000000076f380000,0x000000076f380000,0x000000076fe00000)
 ParOldGen       total 123392K, used 10309K [0x00000006c1a00000, 0x00000006c9280000, 0x000000076b380000)
  object space 123392K, 8% used [0x00000006c1a00000,0x00000006c24117c8,0x00000006c9280000)
 Metaspace       used 20893K, capacity 21128K, committed 21248K, reserved 1067008K
  class space    used 2964K, capacity 3050K, committed 3072K, reserved 1048576K
}
Event: 11.462 GC heap before
{Heap before GC invocations=4 (full 1):
 PSYoungGen      total 76288K, used 65536K [0x000000076b380000, 0x0000000770880000, 0x00000007c0000000)
  eden space 65536K, 100% used [0x000000076b380000,0x000000076f380000,0x000000076f380000)
  from space 10752K, 0% used [0x000000076fe00000,0x000000076fe00000,0x0000000770880000)
  to   space 10752K, 0% used [0x000000076f380000,0x000000076f380000,0x000000076fe00000)
 ParOldGen       total 123392K, used 10309K [0x00000006c1a00000, 0x00000006c9280000, 0x000000076b380000)
  object space 123392K, 8% used [0x00000006c1a00000,0x00000006c24117c8,0x00000006c9280000)
 Metaspace       used 32555K, capacity 32976K, committed 33280K, reserved 1077248K
  class space    used 4375K, capacity 4506K, committed 4608K, reserved 1048576K
Event: 11.470 GC heap after
Heap after GC invocations=4 (full 1):
 PSYoungGen      total 76288K, used 10721K [0x000000076b380000, 0x0000000771700000, 0x00000007c0000000)
  eden space 65536K, 0% used [0x000000076b380000,0x000000076b380000,0x000000076f380000)
  from space 10752K, 99% used [0x000000076f380000,0x000000076fdf8718,0x000000076fe00000)
  to   space 10752K, 0% used [0x0000000770c80000,0x0000000770c80000,0x0000000771700000)
 ParOldGen       total 123392K, used 10877K [0x00000006c1a00000, 0x00000006c9280000, 0x000000076b380000)
  object space 123392K, 8% used [0x00000006c1a00000,0x00000006c249f5b0,0x00000006c9280000)
 Metaspace       used 32555K, capacity 32976K, committed 33280K, reserved 1077248K
  class space    used 4375K, capacity 4506K, committed 4608K, reserved 1048576K
}

